Wed 05 Apr 2023 03:03:56 PM UTC: 
 tests:  0|6
total_score: 0/70
620b205
Wed 05 Apr 2023 03:10:00 PM UTC: 
 hashmap.c | 41 ++++++++++++++++++++++++-----------------
 1 file changed, 24 insertions(+), 17 deletions(-)
 tests:  0|6
total_score: 0/70
71c25e5
Wed 05 Apr 2023 03:20:41 PM UTC: 
 hashmap.c | 10 +++++++++-
 1 file changed, 9 insertions(+), 1 deletion(-)
In file included from test.c:4:
hashmap.c: In function ‘createMap’:
hashmap.c:65:30: error: expected ‘;’ before ‘mapa’
   65 |   mapa -> capacity = capacity
      |                              ^
      |                              ;
   66 |   mapa -> current = -1
      |   ~~~~                        
hashmap.c:69:1: error: control reaches end of non-void function [-Werror=return-type]
   69 | }
      | ^
cc1: all warnings being treated as errors
Compilation failed
6a06a1d
Wed 05 Apr 2023 03:20:52 PM UTC: 
 hashmap.c | 2 +-
 1 file changed, 1 insertion(+), 1 deletion(-)
In file included from test.c:4:
hashmap.c: In function ‘createMap’:
hashmap.c:66:23: error: expected ‘;’ before ‘return’
   66 |   mapa -> current = -1
      |                       ^
      |                       ;
   67 | 
   68 |   return mapa;
      |   ~~~~~~               
hashmap.c:69:1: error: control reaches end of non-void function [-Werror=return-type]
   69 | }
      | ^
cc1: all warnings being treated as errors
Compilation failed
7314955
Wed 05 Apr 2023 03:21:01 PM UTC: 
 hashmap.c | 2 +-
 1 file changed, 1 insertion(+), 1 deletion(-)
 tests:  1|5
total_score: 10/70
e114755
Wed 05 Apr 2023 03:42:54 PM UTC: 
 hashmap.c | 19 +++++++++++++++++++
 1 file changed, 19 insertions(+)
In file included from test.c:4:
hashmap.c: In function ‘insertMap’:
hashmap.c:48:25: error: passing argument 1 of ‘hash’ from incompatible pointer type [-Werror=incompatible-pointer-types]
   48 |   int bucketBusc = hash(map, key);
      |                         ^~~
      |                         |
      |                         HashMap * {aka struct HashMap *}
hashmap.c:28:17: note: expected ‘char *’ but argument is of type ‘HashMap *’ {aka ‘struct HashMap *’}
   28 | long hash(char *key, long capacity)
      |           ~~~~~~^~~
hashmap.c:48:30: error: passing argument 2 of ‘hash’ makes integer from pointer without a cast [-Werror=int-conversion]
   48 |   int bucketBusc = hash(map, key);
      |                              ^~~
      |                              |
      |                              char *
hashmap.c:28:27: note: expected ‘long int’ but argument is of type ‘char *’
   28 | long hash(char *key, long capacity)
      |                      ~~~~~^~~~~~~~
hashmap.c:49:3: error: unknown type name ‘pair’; did you mean ‘Pair’?
   49 |   pair *prev = NULL;
      |   ^~~~
      |   Pair
hashmap.c:51:3: error: unknown type name ‘pair’; did you mean ‘Pair’?
   51 |   pair *par = map -> buckets[bucketBusc];
      |   ^~~~
      |   Pair
hashmap.c:51:15: error: initialization of ‘int *’ from incompatible pointer type ‘Pair *’ [-Werror=incompatible-pointer-types]
   51 |   pair *par = map -> buckets[bucketBusc];
      |               ^~~
hashmap.c:53:9: error: ‘pair’ undeclared (first use in this function); did you mean ‘par’?
   53 |   while(pair != NULL && strcmp(map -> key, key) != 0))
      |         ^~~~
      |         par
hashmap.c:53:9: note: each undeclared identifier is reported only once for each function it appears in
hashmap.c:53:36: error: ‘HashMap’ {aka ‘struct HashMap’} has no member named ‘key’
   53 |   while(pair != NULL && strcmp(map -> key, key) != 0))
      |                                    ^~
hashmap.c:53:54: error: expected statement before ‘)’ token
   53 |   while(pair != NULL && strcmp(map -> key, key) != 0))
      |                                                      ^
hashmap.c:56:15: error: request for member ‘next’ in something not a structure or union
   56 |     par = par -> next;
      |               ^~
hashmap.c:49:9: error: variable ‘prev’ set but not used [-Werror=unused-but-set-variable]
   49 |   pair *prev = NULL;
      |         ^~~~
cc1: all warnings being treated as errors
Compilation failed
4c2d0c2
Wed 05 Apr 2023 03:43:12 PM UTC: 
 hashmap.c | 5 +++--
 1 file changed, 3 insertions(+), 2 deletions(-)
In file included from test.c:4:
hashmap.c: In function ‘insertMap’:
hashmap.c:48:25: error: passing argument 1 of ‘hash’ from incompatible pointer type [-Werror=incompatible-pointer-types]
   48 |   int bucketBusc = hash(map, key);
      |                         ^~~
      |                         |
      |                         HashMap * {aka struct HashMap *}
hashmap.c:28:17: note: expected ‘char *’ but argument is of type ‘HashMap *’ {aka ‘struct HashMap *’}
   28 | long hash(char *key, long capacity)
      |           ~~~~~~^~~
hashmap.c:48:30: error: passing argument 2 of ‘hash’ makes integer from pointer without a cast [-Werror=int-conversion]
   48 |   int bucketBusc = hash(map, key);
      |                              ^~~
      |                              |
      |                              char *
hashmap.c:28:27: note: expected ‘long int’ but argument is of type ‘char *’
   28 | long hash(char *key, long capacity)
      |                      ~~~~~^~~~~~~~
hashmap.c:54:9: error: ‘pair’ undeclared (first use in this function); did you mean ‘par’?
   54 |   while(pair != NULL && strcmp(map -> key, key) != 0))
      |         ^~~~
      |         par
hashmap.c:54:9: note: each undeclared identifier is reported only once for each function it appears in
hashmap.c:54:36: error: ‘HashMap’ {aka ‘struct HashMap’} has no member named ‘key’
   54 |   while(pair != NULL && strcmp(map -> key, key) != 0))
      |                                    ^~
hashmap.c:54:54: error: expected statement before ‘)’ token
   54 |   while(pair != NULL && strcmp(map -> key, key) != 0))
      |                                                      ^
hashmap.c:57:15: error: ‘Pair’ has no member named ‘next’
   57 |     par = par -> next;
      |               ^~
hashmap.c:50:9: error: variable ‘prev’ set but not used [-Werror=unused-but-set-variable]
   50 |   Pair *prev = NULL;
      |         ^~~~
cc1: all warnings being treated as errors
Compilation failed
de334d4
Wed 05 Apr 2023 03:43:49 PM UTC: 
 hashmap.c | 8 ++++----
 1 file changed, 4 insertions(+), 4 deletions(-)
In file included from test.c:4:
hashmap.c: In function ‘insertMap’:
hashmap.c:48:25: error: passing argument 1 of ‘hash’ from incompatible pointer type [-Werror=incompatible-pointer-types]
   48 |   int bucketBusc = hash(map, key);
      |                         ^~~
      |                         |
      |                         HashMap * {aka struct HashMap *}
hashmap.c:28:17: note: expected ‘char *’ but argument is of type ‘HashMap *’ {aka ‘struct HashMap *’}
   28 | long hash(char *key, long capacity)
      |           ~~~~~~^~~
hashmap.c:48:30: error: passing argument 2 of ‘hash’ makes integer from pointer without a cast [-Werror=int-conversion]
   48 |   int bucketBusc = hash(map, key);
      |                              ^~~
      |                              |
      |                              char *
hashmap.c:28:27: note: expected ‘long int’ but argument is of type ‘char *’
   28 | long hash(char *key, long capacity)
      |                      ~~~~~^~~~~~~~
hashmap.c:54:35: error: ‘HashMap’ {aka ‘struct HashMap’} has no member named ‘key’
   54 |   while(par != NULL && strcmp(map -> key, key) != 0))
      |                                   ^~
hashmap.c:54:53: error: expected statement before ‘)’ token
   54 |   while(par != NULL && strcmp(map -> key, key) != 0))
      |                                                     ^
hashmap.c:57:15: error: ‘Pair’ has no member named ‘next’
   57 |     par = par -> next;
      |               ^~
hashmap.c:50:9: error: variable ‘prev’ set but not used [-Werror=unused-but-set-variable]
   50 |   Pair *prev = NULL;
      |         ^~~~
cc1: all warnings being treated as errors
Compilation failed
fdcfdb8
Wed 05 Apr 2023 03:44:26 PM UTC: 
 hashmap.c | 2 +-
 1 file changed, 1 insertion(+), 1 deletion(-)
In file included from test.c:4:
hashmap.c: In function ‘insertMap’:
hashmap.c:48:25: error: passing argument 1 of ‘hash’ from incompatible pointer type [-Werror=incompatible-pointer-types]
   48 |   int bucketBusc = hash(map, key);
      |                         ^~~
      |                         |
      |                         HashMap * {aka struct HashMap *}
hashmap.c:28:17: note: expected ‘char *’ but argument is of type ‘HashMap *’ {aka ‘struct HashMap *’}
   28 | long hash(char *key, long capacity)
      |           ~~~~~~^~~
hashmap.c:48:30: error: passing argument 2 of ‘hash’ makes integer from pointer without a cast [-Werror=int-conversion]
   48 |   int bucketBusc = hash(map, key);
      |                              ^~~
      |                              |
      |                              char *
hashmap.c:28:27: note: expected ‘long int’ but argument is of type ‘char *’
   28 | long hash(char *key, long capacity)
      |                      ~~~~~^~~~~~~~
hashmap.c:54:53: error: expected statement before ‘)’ token
   54 |   while(par != NULL && strcmp(par -> key, key) != 0))
      |                                                     ^
hashmap.c:57:15: error: ‘Pair’ has no member named ‘next’
   57 |     par = par -> next;
      |               ^~
hashmap.c:50:9: error: variable ‘prev’ set but not used [-Werror=unused-but-set-variable]
   50 |   Pair *prev = NULL;
      |         ^~~~
cc1: all warnings being treated as errors
Compilation failed
1c8481b
Wed 05 Apr 2023 03:45:05 PM UTC: 
 hashmap.c | 2 +-
 1 file changed, 1 insertion(+), 1 deletion(-)
In file included from test.c:4:
hashmap.c: In function ‘insertMap’:
hashmap.c:48:25: error: passing argument 1 of ‘hash’ from incompatible pointer type [-Werror=incompatible-pointer-types]
   48 |   int bucketBusc = hash(map, key);
      |                         ^~~
      |                         |
      |                         HashMap * {aka struct HashMap *}
hashmap.c:28:17: note: expected ‘char *’ but argument is of type ‘HashMap *’ {aka ‘struct HashMap *’}
   28 | long hash(char *key, long capacity)
      |           ~~~~~~^~~
hashmap.c:48:30: error: passing argument 2 of ‘hash’ makes integer from pointer without a cast [-Werror=int-conversion]
   48 |   int bucketBusc = hash(map, key);
      |                              ^~~
      |                              |
      |                              char *
hashmap.c:28:27: note: expected ‘long int’ but argument is of type ‘char *’
   28 | long hash(char *key, long capacity)
      |                      ~~~~~^~~~~~~~
hashmap.c:57:15: error: ‘Pair’ has no member named ‘next’
   57 |     par = par -> next;
      |               ^~
hashmap.c:50:9: error: variable ‘prev’ set but not used [-Werror=unused-but-set-variable]
   50 |   Pair *prev = NULL;
      |         ^~~~
cc1: all warnings being treated as errors
Compilation failed
d641b43
Wed 05 Apr 2023 03:47:19 PM UTC: 
 hashmap.c | 2 +-
 1 file changed, 1 insertion(+), 1 deletion(-)
In file included from test.c:4:
hashmap.c: In function ‘insertMap’:
hashmap.c:48:20: error: implicit declaration of function ‘getBucketIndex’ [-Werror=implicit-function-declaration]
   48 |   int bucketBusc = getBucketIndex(map, key);
      |                    ^~~~~~~~~~~~~~
hashmap.c:57:15: error: ‘Pair’ has no member named ‘next’
   57 |     par = par -> next;
      |               ^~
hashmap.c:50:9: error: variable ‘prev’ set but not used [-Werror=unused-but-set-variable]
   50 |   Pair *prev = NULL;
      |         ^~~~
cc1: all warnings being treated as errors
Compilation failed
b2c7547
Thu 06 Apr 2023 03:42:02 PM UTC: 
 hashmap.c | 2 +-
 1 file changed, 1 insertion(+), 1 deletion(-)
In file included from test.c:4:
hashmap.c: In function ‘insertMap’:
hashmap.c:48:30: error: passing argument 2 of ‘hash’ makes integer from pointer without a cast [-Werror=int-conversion]
   48 |   int bucketBusc = hash(key, key);
      |                              ^~~
      |                              |
      |                              char *
hashmap.c:28:27: note: expected ‘long int’ but argument is of type ‘char *’
   28 | long hash(char *key, long capacity)
      |                      ~~~~~^~~~~~~~
hashmap.c:57:15: error: ‘Pair’ has no member named ‘next’
   57 |     par = par -> next;
      |               ^~
hashmap.c:50:9: error: variable ‘prev’ set but not used [-Werror=unused-but-set-variable]
   50 |   Pair *prev = NULL;
      |         ^~~~
cc1: all warnings being treated as errors
Compilation failed
c3d4b77
Wed 12 Apr 2023 11:32:33 PM UTC: 
 hashmap.c | 23 ++++++++++-------------
 1 file changed, 10 insertions(+), 13 deletions(-)
In file included from test.c:4:
hashmap.c: In function ‘insertMap’:
hashmap.c:48:11: error: too few arguments to function ‘hash’
   48 |   int i = hash(key) % map -> capacity;
      |           ^~~~
hashmap.c:28:6: note: declared here
   28 | long hash(char *key, long capacity)
      |      ^~~~
hashmap.c:50:27: error: ‘*(map->buckets + (sizetype)((long unsigned int)i * 8))’ is a pointer; did you mean to use ‘->’?
   50 |   while (map -> buckets[i].key != NULL && strcmp(map -> buckets[i].key, key) != 0)
      |                           ^
      |                           ->
hashmap.c:50:67: error: ‘*(map->buckets + (sizetype)((long unsigned int)i * 8))’ is a pointer; did you mean to use ‘->’?
   50 |   while (map -> buckets[i].key != NULL && strcmp(map -> buckets[i].key, key) != 0)
      |                                                                   ^
      |                                                                   ->
hashmap.c:55:24: error: ‘*(map->buckets + (sizetype)((long unsigned int)i * 8))’ is a pointer; did you mean to use ‘->’?
   55 |   if (map -> buckets[i].key == NULL)
      |                        ^
      |                        ->
hashmap.c:57:22: error: ‘*(map->buckets + (sizetype)((long unsigned int)i * 8))’ is a pointer; did you mean to use ‘->’?
   57 |     map -> buckets[i].key = key;
      |                      ^
      |                      ->
hashmap.c:61:20: error: ‘*(map->buckets + (sizetype)((long unsigned int)i * 8))’ is a pointer; did you mean to use ‘->’?
   61 |   map -> buckets[i].value = value;
      |                    ^
      |                    ->
Compilation failed
90e493d
Wed 12 Apr 2023 11:33:28 PM UTC: 
 hashmap.c | 8 ++++----
 1 file changed, 4 insertions(+), 4 deletions(-)
In file included from test.c:4:
hashmap.c: In function ‘insertMap’:
hashmap.c:48:11: error: too few arguments to function ‘hash’
   48 |   int i = hash(key) % map -> capacity;
      |           ^~~~
hashmap.c:28:6: note: declared here
   28 | long hash(char *key, long capacity)
      |      ^~~~
Compilation failed
d4446ca
Wed 12 Apr 2023 11:33:52 PM UTC: 
 hashmap.c | 2 +-
 1 file changed, 1 insertion(+), 1 deletion(-)
 tests:  0|0
487ff22
Wed 12 Apr 2023 11:39:29 PM UTC: 
 hashmap.c | 2 +-
 1 file changed, 1 insertion(+), 1 deletion(-)
In file included from test.c:4:
hashmap.c: In function ‘insertMap’:
hashmap.c:50:3: error: expected ‘,’ or ‘;’ before ‘while’
   50 |   while (map -> buckets[i] -> key != NULL && strcmp(map -> buckets[i] -> key, key) != 0)
      |   ^~~~~
Compilation failed
1a0bbf1
Wed 12 Apr 2023 11:39:36 PM UTC: 
 hashmap.c | 2 +-
 1 file changed, 1 insertion(+), 1 deletion(-)
 tests:  0|0
f493a70
Wed 12 Apr 2023 11:46:36 PM UTC: 
 hashmap.c | 23 +++++++++++++----------
 1 file changed, 13 insertions(+), 10 deletions(-)
In file included from test.c:4:
hashmap.c: In function ‘insertMap’:
hashmap.c:48:14: error: called object ‘hash’ is not a function or function pointer
   48 |   int hash = hash(key, map->capacity);
      |              ^~~~
hashmap.c:48:7: note: declared here
   48 |   int hash = hash(key, map->capacity);
      |       ^~~~
hashmap.c:64:10: error: expected identifier before ‘(’ token
   64 |   map -> (size)++;
      |          ^
Compilation failed
fc31758
Wed 12 Apr 2023 11:46:44 PM UTC: 
 hashmap.c | 2 +-
 1 file changed, 1 insertion(+), 1 deletion(-)
In file included from test.c:4:
hashmap.c: In function ‘insertMap’:
hashmap.c:48:14: error: called object ‘hash’ is not a function or function pointer
   48 |   int hash = hash(key, map->capacity);
      |              ^~~~
hashmap.c:48:7: note: declared here
   48 |   int hash = hash(key, map->capacity);
      |       ^~~~
Compilation failed
b94eda3
Wed 12 Apr 2023 11:47:23 PM UTC: 
 hashmap.c | 2 +-
 1 file changed, 1 insertion(+), 1 deletion(-)
In file included from test.c:4:
hashmap.c: In function ‘insertMap’:
hashmap.c:48:15: error: called object ‘hash’ is not a function or function pointer
   48 |   long hash = hash(key, map->capacity);
      |               ^~~~
hashmap.c:48:8: note: declared here
   48 |   long hash = hash(key, map->capacity);
      |        ^~~~
Compilation failed
fa7254e
Wed 12 Apr 2023 11:47:53 PM UTC: 
 hashmap.c | 2 +-
 1 file changed, 1 insertion(+), 1 deletion(-)
In file included from test.c:4:
hashmap.c: In function ‘insertMap’:
hashmap.c:48:15: error: called object ‘hash’ is not a function or function pointer
   48 |   long hash = hash(*key, map->capacity);
      |               ^~~~
hashmap.c:48:8: note: declared here
   48 |   long hash = hash(*key, map->capacity);
      |        ^~~~
Compilation failed
12cdf91
Wed 12 Apr 2023 11:57:45 PM UTC: 
 hashmap.c | 18 +++++++++---------
 1 file changed, 9 insertions(+), 9 deletions(-)
In file included from test.c:4:
hashmap.c: In function ‘insertMap’:
hashmap.c:57:15: error: comparison between pointer and integer [-Werror]
   57 |     if (clave == hash) return;
      |               ^~
cc1: all warnings being treated as errors
Compilation failed
6495d7e
Thu 13 Apr 2023 12:01:55 AM UTC: 
 hashmap.c | 15 ++++++++-------
 1 file changed, 8 insertions(+), 7 deletions(-)
In file included from test.c:4:
hashmap.c: In function ‘insertMap’:
hashmap.c:61:3: error: expected ‘(’ before ‘map’
   61 |   map -> buckets[indice] = malloc(sizeof(Pair));
      |   ^~~
      |   (
Compilation failed
25061fc
Thu 13 Apr 2023 12:02:09 AM UTC: 
 hashmap.c | 2 +-
 1 file changed, 1 insertion(+), 1 deletion(-)
 tests:  5|4
total_score: 30/70
f757a67
Thu 13 Apr 2023 12:03:31 AM UTC: 
 hashmap.c | 7 ++++---
 1 file changed, 4 insertions(+), 3 deletions(-)
 tests:  5|4
total_score: 30/70
0bc68df
Thu 13 Apr 2023 12:04:12 AM UTC: 
 hashmap.c | 5 -----
 1 file changed, 5 deletions(-)
 tests:  5|4
total_score: 30/70
28c6f88
Thu 13 Apr 2023 12:04:52 AM UTC: 
 hashmap.c | 4 +---
 1 file changed, 1 insertion(+), 3 deletions(-)
 tests:  5|4
total_score: 30/70
6142075
Thu 13 Apr 2023 12:07:29 AM UTC: 
 hashmap.c | 2 +-
 1 file changed, 1 insertion(+), 1 deletion(-)
 tests:  5|4
total_score: 30/70
407c63f
Thu 13 Apr 2023 12:21:55 AM UTC: 
 hashmap.c | 43 ++++++++++++++++++++++++++-----------------
 1 file changed, 26 insertions(+), 17 deletions(-)
In file included from test.c:4:
hashmap.c: In function ‘searchMap’:
hashmap.c:90:22: error: statement with no effect [-Werror=unused-value]
   90 |       map -> current == indice;
      |       ~~~~~~~~~~~~~~~^~~~~~~~~
cc1: all warnings being treated as errors
Compilation failed
79413be
Thu 13 Apr 2023 12:22:03 AM UTC: 
 hashmap.c | 2 +-
 1 file changed, 1 insertion(+), 1 deletion(-)
 tests:  8|3
total_score: 40/70
a60969d
Thu 13 Apr 2023 12:38:45 AM UTC: 
 hashmap.c | 24 +++++++++++++++++++-----
 1 file changed, 19 insertions(+), 5 deletions(-)
In file included from test.c:4:
hashmap.c: In function ‘eraseMap’:
hashmap.c:103:37: error: statement with no effect [-Werror=unused-value]
  103 |       map -> buckets[indice] -> key == NULL;
      |                                     ^
cc1: all warnings being treated as errors
Compilation failed
618bf42
Thu 13 Apr 2023 12:38:51 AM UTC: 
 hashmap.c | 2 +-
 1 file changed, 1 insertion(+), 1 deletion(-)
 tests:  11|2
total_score: 50/70
bdd107d
Fri 12 May 2023 06:41:47 PM UTC: 
 hashmap.c | 16 ++++++++++++++++
 1 file changed, 16 insertions(+)
In file included from test.c:4:
hashmap.c: In function ‘enlarge’:
hashmap.c:123:35: error: ‘HashMap’ {aka ‘struct HashMap’} has no member named ‘capacidad’; did you mean ‘capacity’?
  123 |   long capacidadAnterior = map -> capacidad;}
      |                                   ^~~~~~~~~
      |                                   capacity
hashmap.c:123:8: error: unused variable ‘capacidadAnterior’ [-Werror=unused-variable]
  123 |   long capacidadAnterior = map -> capacidad;}
      |        ^~~~~~~~~~~~~~~~~
hashmap.c: At top level:
hashmap.c:124:7: error: expected ‘=’, ‘,’, ‘;’, ‘asm’ or ‘__attribute__’ before ‘->’ token
  124 |   map -> capacity =* 2;
      |       ^~
hashmap.c:125:30: error: ‘map’ undeclared here (not in a function)
  125 |   Pair **bucketsAnteriores = map -> buckets;
      |                              ^~~
hashmap.c:127:7: error: expected ‘=’, ‘,’, ‘;’, ‘asm’ or ‘__attribute__’ before ‘->’ token
  127 |   map -> buckets = calloc(map -> capacity, sizeof(Pair));
      |       ^~
hashmap.c:131:3: error: expected identifier or ‘(’ before ‘for’
  131 |   for (i ; i < capacidadAnterior ; i++)
      |   ^~~
hashmap.c:131:14: error: expected ‘=’, ‘,’, ‘;’, ‘asm’ or ‘__attribute__’ before ‘<’ token
  131 |   for (i ; i < capacidadAnterior ; i++)
      |              ^
hashmap.c:131:37: error: expected ‘=’, ‘,’, ‘;’, ‘asm’ or ‘__attribute__’ before ‘++’ token
  131 |   for (i ; i < capacidadAnterior ; i++)
      |                                     ^~
hashmap.c:137:3: error: data definition has no type or storage class [-Werror]
  137 |   free(bucketsAnteriores);
      |   ^~~~
hashmap.c:137:3: error: type defaults to ‘int’ in declaration of ‘free’ [-Werror=implicit-int]
hashmap.c:137:3: error: parameter names (without types) in function declaration [-Werror]
hashmap.c:137:3: error: conflicting types for ‘free’
In file included from test.c:2:
/nix/store/iwd8ic5hhwdxn5dga0im55g5hjl270cd-glibc-2.33-47-dev/include/stdlib.h:565:13: note: previous declaration of ‘free’ was here
  565 | extern void free (void *__ptr) __THROW;
      |             ^~~~
In file included from test.c:4:
hashmap.c:139:3: error: data definition has no type or storage class [-Werror]
  139 |   enlarge_called = 1; // no borrar (testing purposes)
      |   ^~~~~~~~~~~~~~
hashmap.c:139:3: error: type defaults to ‘int’ in declaration of ‘enlarge_called’ [-Werror=implicit-int]
hashmap.c:139:3: error: redefinition of ‘enlarge_called’
hashmap.c:10:5: note: previous definition of ‘enlarge_called’ was here
   10 | int enlarge_called=0;
      |     ^~~~~~~~~~~~~~
hashmap.c:140:1: error: expected identifier or ‘(’ before ‘}’ token
  140 | }
      | ^
cc1: all warnings being treated as errors
Compilation failed
0b5c696
Fri 12 May 2023 06:42:19 PM UTC: 
 hashmap.c | 2 +-
 1 file changed, 1 insertion(+), 1 deletion(-)
In file included from test.c:4:
hashmap.c: In function ‘enlarge’:
hashmap.c:123:8: error: unused variable ‘capacidadAnterior’ [-Werror=unused-variable]
  123 |   long capacidadAnterior = map -> capacity;}
      |        ^~~~~~~~~~~~~~~~~
hashmap.c: At top level:
hashmap.c:124:7: error: expected ‘=’, ‘,’, ‘;’, ‘asm’ or ‘__attribute__’ before ‘->’ token
  124 |   map -> capacity =* 2;
      |       ^~
hashmap.c:125:30: error: ‘map’ undeclared here (not in a function)
  125 |   Pair **bucketsAnteriores = map -> buckets;
      |                              ^~~
hashmap.c:127:7: error: expected ‘=’, ‘,’, ‘;’, ‘asm’ or ‘__attribute__’ before ‘->’ token
  127 |   map -> buckets = calloc(map -> capacity, sizeof(Pair));
      |       ^~
hashmap.c:131:3: error: expected identifier or ‘(’ before ‘for’
  131 |   for (i ; i < capacidadAnterior ; i++)
      |   ^~~
hashmap.c:131:14: error: expected ‘=’, ‘,’, ‘;’, ‘asm’ or ‘__attribute__’ before ‘<’ token
  131 |   for (i ; i < capacidadAnterior ; i++)
      |              ^
hashmap.c:131:37: error: expected ‘=’, ‘,’, ‘;’, ‘asm’ or ‘__attribute__’ before ‘++’ token
  131 |   for (i ; i < capacidadAnterior ; i++)
      |                                     ^~
hashmap.c:137:3: error: data definition has no type or storage class [-Werror]
  137 |   free(bucketsAnteriores);
      |   ^~~~
hashmap.c:137:3: error: type defaults to ‘int’ in declaration of ‘free’ [-Werror=implicit-int]
hashmap.c:137:3: error: parameter names (without types) in function declaration [-Werror]
hashmap.c:137:3: error: conflicting types for ‘free’
In file included from test.c:2:
/nix/store/iwd8ic5hhwdxn5dga0im55g5hjl270cd-glibc-2.33-47-dev/include/stdlib.h:565:13: note: previous declaration of ‘free’ was here
  565 | extern void free (void *__ptr) __THROW;
      |             ^~~~
In file included from test.c:4:
hashmap.c:139:3: error: data definition has no type or storage class [-Werror]
  139 |   enlarge_called = 1; // no borrar (testing purposes)
      |   ^~~~~~~~~~~~~~
hashmap.c:139:3: error: type defaults to ‘int’ in declaration of ‘enlarge_called’ [-Werror=implicit-int]
hashmap.c:139:3: error: redefinition of ‘enlarge_called’
hashmap.c:10:5: note: previous definition of ‘enlarge_called’ was here
   10 | int enlarge_called=0;
      |     ^~~~~~~~~~~~~~
hashmap.c:140:1: error: expected identifier or ‘(’ before ‘}’ token
  140 | }
      | ^
cc1: all warnings being treated as errors
Compilation failed
38eb479
Fri 12 May 2023 06:42:33 PM UTC: 
 hashmap.c | 2 +-
 1 file changed, 1 insertion(+), 1 deletion(-)
In file included from test.c:4:
hashmap.c: In function ‘enlarge’:
hashmap.c:124:20: error: invalid type argument of unary ‘*’ (have ‘int’)
  124 |   map -> capacity =* 2;
      |                    ^~~
hashmap.c:131:3: error: statement with no effect [-Werror=unused-value]
  131 |   for (i ; i < capacidadAnterior ; i++)
      |   ^~~
hashmap.c:133:17: error: initialization of ‘Pair *’ from incompatible pointer type ‘Pair **’ [-Werror=incompatible-pointer-types]
  133 |     Pair *par = bucketsAnteriores;
      |                 ^~~~~~~~~~~~~~~~~
hashmap.c:134:8: error: ‘pair’ undeclared (first use in this function); did you mean ‘par’?
  134 |     if(pair & pair -> key) insertMap(map, pair -> key, pair -> value);
      |        ^~~~
      |        par
hashmap.c:134:8: note: each undeclared identifier is reported only once for each function it appears in
hashmap.c:133:11: error: unused variable ‘par’ [-Werror=unused-variable]
  133 |     Pair *par = bucketsAnteriores;
      |           ^~~
cc1: all warnings being treated as errors
Compilation failed
5f5d8c4
Fri 12 May 2023 06:42:46 PM UTC: 
 hashmap.c | 2 +-
 1 file changed, 1 insertion(+), 1 deletion(-)
In file included from test.c:4:
hashmap.c: In function ‘enlarge’:
hashmap.c:131:3: error: statement with no effect [-Werror=unused-value]
  131 |   for (i ; i < capacidadAnterior ; i++)
      |   ^~~
hashmap.c:133:17: error: initialization of ‘Pair *’ from incompatible pointer type ‘Pair **’ [-Werror=incompatible-pointer-types]
  133 |     Pair *par = bucketsAnteriores;
      |                 ^~~~~~~~~~~~~~~~~
hashmap.c:134:8: error: ‘pair’ undeclared (first use in this function); did you mean ‘par’?
  134 |     if(pair & pair -> key) insertMap(map, pair -> key, pair -> value);
      |        ^~~~
      |        par
hashmap.c:134:8: note: each undeclared identifier is reported only once for each function it appears in
hashmap.c:133:11: error: unused variable ‘par’ [-Werror=unused-variable]
  133 |     Pair *par = bucketsAnteriores;
      |           ^~~
cc1: all warnings being treated as errors
Compilation failed
7cb846d
Fri 12 May 2023 06:43:10 PM UTC: 
 hashmap.c | 2 +-
 1 file changed, 1 insertion(+), 1 deletion(-)
In file included from test.c:4:
hashmap.c: In function ‘enlarge’:
hashmap.c:131:3: error: statement with no effect [-Werror=unused-value]
  131 |   for (i ; i < capacidadAnterior ; i++)
      |   ^~~
hashmap.c:133:17: error: initialization of ‘Pair *’ from incompatible pointer type ‘Pair **’ [-Werror=incompatible-pointer-types]
  133 |     Pair *par = bucketsAnteriores;
      |                 ^~~~~~~~~~~~~~~~~
hashmap.c:134:12: error: invalid operands to binary & (have ‘Pair *’ and ‘char *’)
  134 |     if(par & par -> key) insertMap(map, pair -> key, pair -> value);
      |            ^ ~~~~~~~~~~
      |                  |
      |                  char *
hashmap.c:134:41: error: ‘pair’ undeclared (first use in this function); did you mean ‘par’?
  134 |     if(par & par -> key) insertMap(map, pair -> key, pair -> value);
      |                                         ^~~~
      |                                         par
hashmap.c:134:41: note: each undeclared identifier is reported only once for each function it appears in
cc1: all warnings being treated as errors
Compilation failed
220fe92
